[18:05:57] jabb.im report贸: Dear Jabbim user!
In your XMPP/Jabber client at Service Discovery you now may find telegram.jabbim.com. This is transport/gateway for Telegram communicator. This service is available for free for all users. Enjoy it.

Jabbim Team 	  				 	 	 	    		  	   		  		
[15:23:01] xmpp.jp report贸: Hi, This is XMPP.JP Admin.
We just launched new XMPP Web Clinent "inverse".
https://www.xmpp.jp/client

Please try it. Thanks.
[2026-01-18 17:21:15] receptor_majo: Recibido correo de mariavirecar@gmail.com: Hola
[2026-01-18 17:26:09] sender_majo: Transacci贸n SMTP exitosa: mariavirecar@gmail.com
[2026-01-18 17:31:58] sender_majo: Transacci贸n SMTP exitosa: majo.virecar@gmail.com
[2026-01-18 17:32:01] sender_majo: Transacci贸n SMTP exitosa: mariavirecar@gmail.com
[2026-01-18 17:32:02] sender_majo: Transacci贸n SMTP exitosa: mariavirecar@gmail.com
[2026-01-18 17:32:09] sender_majo: Transacci贸n SMTP exitosa: majo.virecar@gmail.com
[2026-01-18 17:32:10] sender_majo: Transacci贸n SMTP exitosa: mariavirecar@gmail.com
[2026-01-18 17:32:18] sender_majo: Transacci贸n SMTP exitosa: mariavirecar@gmail.com
[2026-01-18 17:32:18] sender_majo: Transacci贸n SMTP exitosa: mariavirecar@gmail.com
[2026-01-18 17:32:21] sender_majo: Transacci贸n SMTP exitosa: mariavirecar@gmail.com
[2026-01-18 17:32:30] sender_majo: Transacci贸n SMTP exitosa: majo.virecar@gmail.com
[2026-01-18 17:32:30] sender_majo: Transacci贸n SMTP exitosa: majo.virecar@gmail.com
[2026-01-18 17:33:22] sender_majo: Transacci贸n SMTP exitosa: mariavirecar@gmail.com
[2026-01-18 17:33:29] sender_majo: Transacci贸n SMTP exitosa: mariavirecar@gmail.com
[2026-01-18 17:33:30] sender_majo: Transacci贸n SMTP exitosa: majo.virecar@gmail.com
[2026-01-18 17:33:34] sender_majo: Transacci贸n SMTP exitosa: mariavirecar@gmail.com
[2026-01-18 17:33:38] sender_majo: Transacci贸n SMTP exitosa: majo.virecar@gmail.com
[2026-01-18 17:33:41] sender_majo: Transacci贸n SMTP exitosa: mariavirecar@gmail.com
[2026-01-18 17:33:50] sender_majo: Transacci贸n SMTP exitosa: majo.virecar@gmail.com
[2026-01-18 17:33:53] sender_majo: Transacci贸n SMTP exitosa: majo.virecar@gmail.com
[2026-01-18 17:33:55] sender_majo: Transacci贸n SMTP exitosa: majo.virecar@gmail.com
[2026-01-18 17:33:58] sender_majo: Transacci贸n SMTP exitosa: mariavirecar@gmail.com
[2026-01-18 17:34:57] sender_majo: Transacci贸n SMTP exitosa: majo.virecar@gmail.com
[2026-01-18 17:34:58] sender_majo: Transacci贸n SMTP exitosa: majo.virecar@gmail.com
[2026-01-18 17:35:01] sender_majo: Transacci贸n SMTP exitosa: mariavirecar@gmail.com
[2026-01-18 17:35:09] sender_majo: Transacci贸n SMTP exitosa: majo.virecar@gmail.com
[2026-01-18 17:35:10] sender_majo: Transacci贸n SMTP exitosa: majo.virecar@gmail.com
[2026-01-18 17:35:14] sender_majo: Transacci贸n SMTP exitosa: mariavirecar@gmail.com
[2026-01-18 17:35:17] sender_majo: Transacci贸n SMTP exitosa: majo.virecar@gmail.com
[2026-01-18 17:35:21] sender_majo: Transacci贸n SMTP exitosa: majo.virecar@gmail.com
[2026-01-18 17:35:21] monitor_disco_majo: INCIDENTE: 锔 ALERTA CRITICA: Uso al 90.0%
[2026-01-18 17:35:30] sender_majo: Transacci贸n SMTP exitosa: mariavirecar@gmail.com
[2026-01-18 17:35:30] sender_majo: Transacci贸n SMTP exitosa: majo.virecar@gmail.com
[2026-01-18 17:35:50] monitor_disco_majo: Ч Limpieza ejecutada. 49 archivos borrados.
[2026-01-18 17:43:26] sender_majo: Transacci贸n SMTP exitosa: mariavirecar@gmail.com
[2026-01-18 17:44:42] sender_majo: Transacci贸n SMTP exitosa: mariavirecar@gmail.com
